"../../../Engine/Content/EditorBlueprintResources/ActorMacros.uasset" 0
"../../../Engine/Content/EditorBlueprintResources/StandardMacros.uasset" 1
"../../../Engine/Content/EngineMaterials/Grid.uasset" 2
"../../../../../Unreal Projects/RaceGame/Content/VehicleAdv/Materials/MasterGrid.uasset" 3
"../../../../../Unreal Projects/RaceGame/Content/VehicleAdv/Materials/MaterialInstances/RedGrid.uasset" 4
"../../../../../Unreal Projects/RaceGame/Content/Developers/fuwarrin/Collections/BP/BaseCpp/Item/BP_Cpp_ItemBullet.uasset" 5
"../../../../../Unreal Projects/RaceGame/Content/Developers/fuwarrin/Collections/BP/BaseCpp/Item/BP_Cpp_ItemSlip.uasset" 6
"../../../../../Unreal Projects/RaceGame/Content/Developers/fuwarrin/Collections/BP/BaseCpp/Item/BP_Cpp_ItemSpeedUp.uasset" 7
"../../../../../Unreal Projects/RaceGame/Content/Developers/fuwarrin/Collections/BP/UWG/UWG_GameCpp.uasset" 8
"../../../../../Unreal Projects/RaceGame/Content/Developers/fuwarrin/Collections/BP/UWG/UWG_Goal.uasset" 9
"../../../../../Unreal Projects/RaceGame/Content/Developers/fuwarrin/Collections/BP/BaseCpp/BP_Cpp_MyRaceGamePawn.uasset" 10
"../../../../../Unreal Projects/RaceGame/Content/VehicleAdv/ArenaMesh/pole.uasset" 11
"../../../../../Unreal Projects/RaceGame/Content/Developers/fuwarrin/Collections/BP/BaseBP/BP_CheckPoint.uasset" 12
"../../../Engine/Content/VREditor/TransformGizmo/Main.uasset" 13
"../../../Engine/Content/EditorMaterials/HelpFlatColour.uasset" 14
"../../../Engine/Content/EditorMaterials/HelpFlatColour_W_Inst.uasset" 15
"../../../Engine/Content/EditorMaterials/HelpFlatColour_Blk_Inst.uasset" 16
"../../../Engine/Content/EditorMeshes/EditorHelp.uasset" 17
"../../../../../Unreal Projects/RaceGame/Content/Developers/fuwarrin/Collections/BP/BaseBP/Item/BP_ItemBase.uasset" 18
"../../../Engine/Content/Functions/Engine_MaterialFunctions01/Opacity/CameraDepthFade.uasset" 19
"../../../Engine/Content/EngineMaterials/T_Default_Material_Grid_M.uasset" 20
"../../../Engine/Content/EngineMaterials/T_Default_Material_Grid_N.uasset" 21
"../../../Engine/Content/EngineMaterials/DefaultMaterial.uasset" 22
"../../../Engine/Content/BasicShapes/Sphere.uasset" 23
"../../../../../Unreal Projects/RaceGame/Content/Developers/fuwarrin/Collections/BP/BaseBP/Item/BP_bullet.uasset" 24
"../../../../../Unreal Projects/RaceGame/Content/Developers/fuwarrin/Collections/BP/BaseBP/Item/BP_SlipItem.uasset" 25
"../../../../../Unreal Projects/RaceGame/Content/StarterContent/Materials/M_Basic_Wall.uasset" 26
"../../../../../Unreal Projects/RaceGame/Content/StarterContent/Shapes/Shape_NarrowCapsule.uasset" 27
"../../../../../Unreal Projects/RaceGame/Content/Developers/fuwarrin/Collections/BP/BaseBP/Item/BP_SpeedUpItem.uasset" 28
"../../../../../Unreal Projects/RaceGame/Content/Developers/fuwarrin/Collections/BP/Data/ActionEnum.uasset" 29
"../../../../../Unreal Projects/RaceGame/Content/Developers/fuwarrin/Collections/BP/Data/ItemStruct.uasset" 30
"../../../../../Unreal Projects/RaceGame/Content/UI/Texture/T_UI_Potion_Mana.uasset" 31
"../../../../../Unreal Projects/RaceGame/Content/UI/Texture/T_UI_Skill_FireBall.uasset" 32
"../../../../../Unreal Projects/RaceGame/Content/UI/Texture/T_UI_Soul_Icon.uasset" 33
"../../../../../Unreal Projects/RaceGame/Content/Developers/fuwarrin/Collections/BP/ImportData/RaceGameItemList.uasset" 34
"../../../../../Unreal Projects/RaceGame/Content/Developers/fuwarrin/Collections/BP/UWG/UWG_StartCount.uasset" 35
"../../../../../Unreal Projects/RaceGame/Content/Developers/fuwarrin/Collections/BP/UWG/UWG_Game.uasset" 36
"../../../../../Unreal Projects/RaceGame/Content/Developers/fuwarrin/Collections/BP/BaseBP/BP_MyRaceGamePawn.uasset" 37
"../../../../../Unreal Projects/RaceGame/Content/Developers/MyRaceGamePawn.uasset" 38
"../../../../../Unreal Projects/RaceGame/Content/Developers/fuwarrin/Collections/BP/ImportData/RaceGameItemListCPP.uasset" 39
"../../../../../Unreal Projects/RaceGame/Content/Developers/fuwarrin/Collections/BP/BaseCpp/RaceGameItemListCPP.uasset" 40
"../../../../../Unreal Projects/RaceGame/Content/Developers/fuwarrin/Collections/BP/BaseCpp/Item/BP_CppItemBase.uasset" 41
"../../../../../Unreal Projects/RaceGame/Content/Developers/fuwarrin/Collections/BP/Data/BP_FunctionLibrary.uasset" 42
"../../../../../Unreal Projects/RaceGame/Content/Developers/fuwarrin/Collections/BP/Data/BP_GameInstance.uasset" 43
"../../../Engine/Content/EngineMaterials/DefaultBokeh_Low.uasset" 44
"../../../../../Unreal Projects/RaceGame/Content/UI/Texture/T_UI_Icon_Keyboard.uasset" 45
"../../../../../Unreal Projects/RaceGame/Content/Developers/fuwarrin/Collections/BP/Material/m_ItemView.uasset" 46
"../../../../../Unreal Projects/RaceGame/Content/UI/Texture/T_UI_Icon_PotHealth01.uasset" 47
"../../../../../Unreal Projects/RaceGame/Content/Developers/fuwarrin/Collections/BP/Material/Mi_ItemView_Inst.uasset" 48
"../../../Engine/Content/EditorLandscapeResources/DefaultAlphaTexture.uasset" 49
"../../../../../Unreal Projects/RaceGame/Content/Developers/fuwarrin/Collections/BP/Material/M_DecalFlag.uasset" 50
"../../../Engine/Content/EngineMaterials/DefaultDiffuse.uasset" 51
"../../../Engine/Content/Functions/Engine_MaterialFunctions01/Texturing/TextureCropping.uasset" 52
"../../../Engine/Content/Functions/Engine_MaterialFunctions02/Utility/BreakOutFloat2Components.uasset" 53
"../../../Engine/Content/Functions/Engine_MaterialFunctions01/Texturing/ComputeMipLevel.uasset" 54
"../../../Engine/Content/Functions/Engine_MaterialFunctions02/ExampleContent/DebugNumberStrip.uasset" 55
"../../../Engine/Content/Functions/Engine_MaterialFunctions02/ExampleContent/Textures/DebugNumberPeriod.uasset" 56
"../../../Engine/Content/Functions/Engine_MaterialFunctions02/Utility/DebugScalarValues.uasset" 57
"../../../Engine/Content/Functions/Engine_MaterialFunctions02/Utility/DebugFloat2Values.uasset" 58
"../../../Engine/Content/Functions/Engine_MaterialFunctions02/ExampleContent/Textures/flipbook.uasset" 59
"../../../Engine/Content/Functions/Engine_MaterialFunctions02/Texturing/FlipBook.uasset" 60
"../../../Engine/Content/Functions/Engine_MaterialFunctions02/Utility/Sign.uasset" 61
"../../../Engine/Content/Functions/Engine_MaterialFunctions02/Utility/Round.uasset" 62
"../../../Engine/Content/EditorResources/T_EditorHelp.uasset" 63
"../../../Engine/Content/EditorMaterials/HelpActorMaterial.uasset" 64
"../../../Engine/Content/EditorMeshes/EditorPlane.uasset" 65
"../../../../../Unreal Projects/RaceGame/Content/Developers/fuwarrin/Collections/BP/Test/ItemPickup.uasset" 66
"../../../../../Unreal Projects/RaceGame/Content/Developers/fuwarrin/Collections/BP/Test/MyMove.uasset" 67
"../../../../../Unreal Projects/RaceGame/Content/Developers/fuwarrin/Collections/BP/Test/PawnMoveState.uasset" 68
"../../../../../Unreal Projects/RaceGame/Content/Developers/fuwarrin/Collections/BP/Test/TestMoveComponent.uasset" 69
"../../../../../Unreal Projects/RaceGame/Content/Vehicle/Sedan/Materials/M_Vehicle_Sedan.uasset" 70
"../../../../../Unreal Projects/RaceGame/Content/Vehicle/Sedan/Materials/M_Vehicle_Sedan_Inst_Glass.uasset" 71
"../../../../../Unreal Projects/RaceGame/Content/Vehicle/Sedan/Materials/M_Vehicle_Sedan_Inst_Headlights.uasset" 72
"../../../../../Unreal Projects/RaceGame/Content/Vehicle/Sedan/Materials/M_Vehicle_Sedan_Inst_Plastic.uasset" 73
"../../../../../Unreal Projects/RaceGame/Content/Vehicle/Sedan/Materials/M_Vehicle_Sedan_Inst_TailLights.uasset" 74
"../../../../../Unreal Projects/RaceGame/Content/Vehicle/Sedan/Materials/M_Vehicle_Sedan_Inst_Tires.uasset" 75
"../../../../../Unreal Projects/RaceGame/Content/Vehicle/Sedan/Materials/M_Vehicle_Sedan_Inst_Wheels.uasset" 76
"../../../../../Unreal Projects/RaceGame/Content/Vehicle/Sedan/Sedan_PhysicsAsset.uasset" 77
"../../../../../Unreal Projects/RaceGame/Content/Vehicle/Sedan/Sedan_Skeleton.uasset" 78
"../../../../../Unreal Projects/RaceGame/Content/Vehicle/Sedan/Sedan_SkelMesh.uasset" 79
"../../../../../Unreal Projects/RaceGame/Content/Developers/fuwarrin/Collections/BP/Test/TestPawn.uasset" 80
"../../../Engine/Content/BasicShapes/BasicShapeMaterial.uasset" 81
"../../../../../Unreal Projects/RaceGame/Content/Developers/fuwarrin/Collections/MultiSample/Blueprints/BP_Sphere_Pawn.uasset" 82
"../../../../../Unreal Projects/RaceGame/Content/Developers/fuwarrin/Collections/MultiSample/Blueprints/BP_GameMode.uasset" 83
"../../../../../Unreal Projects/RaceGame/Content/Developers/fuwarrin/Collections/MultiSample/Blueprints/BP_PlayerController.uasset" 84
"../../../../../Unreal Projects/RaceGame/Content/Developers/fuwarrin/Collections/MultiSample/Maps/TestMap_BuiltData.uasset" 85
"../../../../../Unreal Projects/RaceGame/Content/Mannequin/Character/Mesh/UE4_Mannequin_Skeleton.uasset" 86
"../../../../../Unreal Projects/RaceGame/Content/Mannequin/Animations/ThirdPersonJump_End.uasset" 87
"../../../../../Unreal Projects/RaceGame/Content/StarterContent/Architecture/Pillar_50x500.uasset" 88
"../../../../../Unreal Projects/RaceGame/Content/StarterContent/Architecture/Wall_400x300.uasset" 89
"../../../../../Unreal Projects/RaceGame/Content/StarterContent/Architecture/Wall_400x400.uasset" 90
"../../../../../Unreal Projects/RaceGame/Content/StarterContent/Architecture/Wall_500x500.uasset" 91
"../../../../../Unreal Projects/RaceGame/Content/StarterContent/Architecture/Wall_Door_400x400.uasset" 92
"../../../../../Unreal Projects/RaceGame/Content/StarterContent/Architecture/Wall_Window_400x400.uasset" 93
"../../../../../Unreal Projects/RaceGame/Content/StarterContent/Audio/Collapse01.uasset" 94
"../../../../../Unreal Projects/RaceGame/Content/StarterContent/Audio/Collapse02.uasset" 95
"../../../../../Unreal Projects/RaceGame/Content/StarterContent/Audio/Explosion01.uasset" 96
"../../../../../Unreal Projects/RaceGame/Content/StarterContent/Audio/Explosion02.uasset" 97
"../../../../../Unreal Projects/RaceGame/Content/StarterContent/Audio/Fire01.uasset" 98
"../../../../../Unreal Projects/RaceGame/Content/StarterContent/Audio/Fire_Sparks01.uasset" 99
"../../../../../Unreal Projects/RaceGame/Content/StarterContent/Audio/Light01.uasset" 100
"../../../../../Unreal Projects/RaceGame/Content/StarterContent/Audio/Light01_Cue.uasset" 101
"../../../../../Unreal Projects/RaceGame/Content/StarterContent/Audio/Light02.uasset" 102
"../../../../../Unreal Projects/RaceGame/Content/StarterContent/Audio/Light02_Cue.uasset" 103
"../../../../../Unreal Projects/RaceGame/Content/StarterContent/Audio/Smoke01.uasset" 104
"../../../../../Unreal Projects/RaceGame/Content/StarterContent/Audio/Starter_Birds01.uasset" 105
"../../../../../Unreal Projects/RaceGame/Content/StarterContent/Audio/Starter_Music01.uasset" 106
"../../../../../Unreal Projects/RaceGame/Content/StarterContent/Audio/Starter_Wind05.uasset" 107
"../../../../../Unreal Projects/RaceGame/Content/StarterContent/Audio/Starter_Wind06.uasset" 108
"../../../../../Unreal Projects/RaceGame/Content/StarterContent/Audio/Steam01.uasset" 109
"../../../../../Unreal Projects/RaceGame/Content/StarterContent/Audio/Explosion_Cue.uasset" 110
"../../../../../Unreal Projects/RaceGame/Content/StarterContent/Textures/T_Burst_M.uasset" 111
"../../../../../Unreal Projects/RaceGame/Content/StarterContent/Particles/Materials/M_Burst.uasset" 112
"../../../../../Unreal Projects/RaceGame/Content/StarterContent/Textures/T_Explosion_SubUV.uasset" 113
"../../../../../Unreal Projects/RaceGame/Content/StarterContent/Particles/Materials/M_explosion_subUV.uasset" 114
"../../../../../Unreal Projects/RaceGame/Content/StarterContent/Particles/Materials/m_flare_01.uasset" 115
"../../../Engine/Content/Functions/Engine_MaterialFunctions01/Gradient/RadialGradient.uasset" 116
"../../../../../Unreal Projects/RaceGame/Content/StarterContent/Particles/Materials/M_radial_ramp.uasset" 117
"../../../../../Unreal Projects/RaceGame/Content/StarterContent/Textures/T_Smoke_SubUV.uasset" 118
"../../../../../Unreal Projects/RaceGame/Content/StarterContent/Textures/T_Smoke_Tiled_D.uasset" 119
"../../../../../Unreal Projects/RaceGame/Content/StarterContent/Particles/Materials/M_smoke_subUV.uasset" 120
"../../../../../Unreal Projects/RaceGame/Content/StarterContent/Particles/P_Explosion.uasset" 121
"../../../../../Unreal Projects/RaceGame/Content/StarterContent/Blueprints/Blueprint_Effect_Explosion.uasset" 122
"../../../Engine/Content/EditorMeshes/ColorCalibrator/T_ColorGrid.uasset" 123
"../../../../../Unreal Projects/RaceGame/Content/StarterContent/Materials/M_ColorGrid_LowSpec.uasset" 124
"../../../../../Unreal Projects/RaceGame/Content/StarterContent/Textures/T_Bush_D.uasset" 125
"../../../../../Unreal Projects/RaceGame/Content/StarterContent/Textures/T_Bush_N.uasset" 126
"../../../../../Unreal Projects/RaceGame/Content/StarterContent/Props/Materials/M_Bush.uasset" 127
"../../../../../Unreal Projects/RaceGame/Content/StarterContent/Props/SM_Bush.uasset" 128
"../../../../../Unreal Projects/RaceGame/Content/StarterContent/Textures/T_Chair_M.uasset" 129
"../../../../../Unreal Projects/RaceGame/Content/StarterContent/Textures/T_Chair_N.uasset" 130
"../../../../../Unreal Projects/RaceGame/Content/StarterContent/Props/Materials/M_Chair.uasset" 131
"../../../../../Unreal Projects/RaceGame/Content/StarterContent/Props/SM_Couch.uasset" 132
"../../../../../Unreal Projects/RaceGame/Content/StarterContent/Materials/M_Glass.uasset" 133
"../../../../../Unreal Projects/RaceGame/Content/StarterContent/Textures/T_Door_M.uasset" 134
"../../../../../Unreal Projects/RaceGame/Content/StarterContent/Textures/T_Door_N.uasset" 135
"../../../../../Unreal Projects/RaceGame/Content/StarterContent/Props/Materials/M_Door.uasset" 136
"../../../../../Unreal Projects/RaceGame/Content/StarterContent/Props/SM_Door.uasset" 137
"../../../../../Unreal Projects/RaceGame/Content/StarterContent/Props/Materials/M_MaterialSphere.uasset" 138
"../../../../../Unreal Projects/RaceGame/Content/StarterContent/Props/Materials/M_MaterialSphere_Plain.uasset" 139
"../../../../../Unreal Projects/RaceGame/Content/StarterContent/Props/SM_MatPreviewMesh_02.uasset" 140
"../../../Engine/Content/Functions/Engine_MaterialFunctions02/Utility/BlendAngleCorrectedNormals.uasset" 141
"../../../../../Unreal Projects/RaceGame/Content/StarterContent/Textures/T_Detail_Rocky_N.uasset" 142
"../../../../../Unreal Projects/RaceGame/Content/StarterContent/Textures/T_Rock_Basalt_D.uasset" 143
"../../../../../Unreal Projects/RaceGame/Content/StarterContent/Textures/T_RockMesh_M.uasset" 144
"../../../../../Unreal Projects/RaceGame/Content/StarterContent/Textures/T_RockMesh_N.uasset" 145
"../../../../../Unreal Projects/RaceGame/Content/StarterContent/Props/Materials/M_Rock.uasset" 146
"../../../../../Unreal Projects/RaceGame/Content/StarterContent/Props/SM_Rock.uasset" 147
"../../../../../Unreal Projects/RaceGame/Content/StarterContent/Textures/T_Shelf_M.uasset" 148
"../../../../../Unreal Projects/RaceGame/Content/StarterContent/Textures/T_Shelf_N.uasset" 149
"../../../../../Unreal Projects/RaceGame/Content/StarterContent/Props/Materials/M_Shelf.uasset" 150
"../../../../../Unreal Projects/RaceGame/Content/StarterContent/Props/SM_Shelf.uasset" 151
"../../../../../Unreal Projects/RaceGame/Content/StarterContent/Materials/M_Basic_Floor.uasset" 152
"../../../../../Unreal Projects/RaceGame/Content/StarterContent/Props/SM_Stairs.uasset" 153
"../../../../../Unreal Projects/RaceGame/Content/StarterContent/Shapes/Shape_Cone.uasset" 154
"../../../../../Unreal Projects/RaceGame/Content/StarterContent/Shapes/Shape_Cylinder.uasset" 155
"../../../../../Unreal Projects/RaceGame/Content/StarterContent/Shapes/Shape_Pipe.uasset" 156
"../../../../../Unreal Projects/RaceGame/Content/StarterContent/Shapes/Shape_Pipe_180.uasset" 157
"../../../../../Unreal Projects/RaceGame/Content/StarterContent/Shapes/Shape_Pipe_90.uasset" 158
"../../../../../Unreal Projects/RaceGame/Content/StarterContent/Shapes/Shape_Plane.uasset" 159
"../../../../../Unreal Projects/RaceGame/Content/StarterContent/Shapes/Shape_Torus.uasset" 160
"../../../../../Unreal Projects/RaceGame/Content/StarterContent/Shapes/Shape_Trim.uasset" 161
"../../../../../Unreal Projects/RaceGame/Content/StarterContent/Shapes/Shape_Trim_90_In.uasset" 162
"../../../../../Unreal Projects/RaceGame/Content/StarterContent/Shapes/Shape_Trim_90_Out.uasset" 163
"../../../../../Unreal Projects/RaceGame/Content/StarterContent/Shapes/Shape_TriPyramid.uasset" 164
"../../../../../Unreal Projects/RaceGame/Content/StarterContent/Shapes/Shape_Tube.uasset" 165
"../../../../../Unreal Projects/RaceGame/Content/StarterContent/Shapes/Shape_Wedge_A.uasset" 166
"../../../../../Unreal Projects/RaceGame/Content/StarterContent/Shapes/Shape_Wedge_B.uasset" 167
"../../../../../Unreal Projects/RaceGame/Content/StarterContent/Shapes/Shape_WideCapsule.uasset" 168
"../../../../../Unreal Projects/RaceGame/Content/ThirdPersonBP/ThirdPersonOverview.uasset" 169
"../../../../../Unreal Projects/RaceGame/Content/Mannequin/Animations/ThirdPerson_Jump.uasset" 170
"../../../../../Unreal Projects/RaceGame/Content/Mannequin/Animations/ThirdPersonJump_Loop.uasset" 171
"../../../../../Unreal Projects/RaceGame/Content/Mannequin/Animations/ThirdPersonJump_Start.uasset" 172
"../../../../../Unreal Projects/RaceGame/Content/Mannequin/Animations/ThirdPersonIdle.uasset" 173
"../../../../../Unreal Projects/RaceGame/Content/Mannequin/Animations/ThirdPersonRun.uasset" 174
"../../../../../Unreal Projects/RaceGame/Content/Mannequin/Animations/ThirdPersonWalk.uasset" 175
"../../../../../Unreal Projects/RaceGame/Content/Mannequin/Animations/ThirdPerson_IdleRun_2D.uasset" 176
"../../../../../Unreal Projects/RaceGame/Content/Mannequin/Animations/ThirdPerson_AnimBP.uasset" 177
"../../../Engine/Content/Functions/MaterialLayerFunctions/MatLayerBlend_NormalBlend.uasset" 178
"../../../Engine/Content/Functions/MaterialLayerFunctions/MatLayerBlend_Simple.uasset" 179
"../../../../../Unreal Projects/RaceGame/Content/Mannequin/Character/Materials/MaterialLayers/T_ML_Rubber_Blue_01_D.uasset" 180
"../../../../../Unreal Projects/RaceGame/Content/Mannequin/Character/Materials/MaterialLayers/T_ML_Rubber_Blue_01_N.uasset" 181
"../../../../../Unreal Projects/RaceGame/Content/Mannequin/Character/Materials/MaterialLayers/ML_GlossyBlack_Latex_UE4.uasset" 182
"../../../../../Unreal Projects/RaceGame/Content/Mannequin/Character/Materials/MaterialLayers/ML_Plastic_Shiny_Beige.uasset" 183
"../../../../../Unreal Projects/RaceGame/Content/Mannequin/Character/Textures/UE4_LOGO_CARD.uasset" 184
"../../../../../Unreal Projects/RaceGame/Content/Mannequin/Character/Materials/MaterialLayers/ML_Plastic_Shiny_Beige_LOGO.uasset" 185
"../../../../../Unreal Projects/RaceGame/Content/Mannequin/Character/Materials/MaterialLayers/T_ML_Aluminum01.uasset" 186
"../../../../../Unreal Projects/RaceGame/Content/Mannequin/Character/Materials/MaterialLayers/T_ML_Aluminum01_N.uasset" 187
"../../../../../Unreal Projects/RaceGame/Content/Mannequin/Character/Materials/MaterialLayers/ML_SoftMetal_UE4.uasset" 188
"../../../../../Unreal Projects/RaceGame/Content/Mannequin/Character/Textures/UE4_Mannequin__normals.uasset" 189
"../../../../../Unreal Projects/RaceGame/Content/Mannequin/Character/Textures/UE4_Mannequin_MAT_MASKA.uasset" 190
"../../../../../Unreal Projects/RaceGame/Content/Mannequin/Character/Materials/M_UE4Man_Body.uasset" 191
"../../../../../Unreal Projects/RaceGame/Content/Mannequin/Character/Textures/UE4Man_Logo_N.uasset" 192
"../../../../../Unreal Projects/RaceGame/Content/Mannequin/Character/Materials/M_UE4Man_ChestLogo.uasset" 193
"../../../../../Unreal Projects/RaceGame/Content/Mannequin/Character/Mesh/SK_Mannequin_PhysicsAsset.uasset" 194
"../../../../../Unreal Projects/RaceGame/Content/Mannequin/Character/Mesh/SK_Mannequin.uasset" 195
"../../../../../Unreal Projects/RaceGame/Content/ThirdPersonBP/Blueprints/ThirdPersonCharacter.uasset" 196
"../../../../../Unreal Projects/RaceGame/Content/ThirdPersonBP/Blueprints/ThirdPersonGameMode.uasset" 197
"../../../../../Unreal Projects/RaceGame/Content/UI/T_UI_TitleLogo02.uasset" 198
"../../../../../Unreal Projects/RaceGame/Content/UI/Texture/T_UI_Add_Button_01.uasset" 199
"../../../../../Unreal Projects/RaceGame/Content/UI/Texture/T_UI_Border_01.uasset" 200
"../../../../../Unreal Projects/RaceGame/Content/UI/Texture/T_UI_Border_02.uasset" 201
"../../../../../Unreal Projects/RaceGame/Content/UI/Texture/T_UI_Button01.uasset" 202
"../../../../../Unreal Projects/RaceGame/Content/UI/Texture/T_UI_ButtonGlow01.uasset" 203
"../../../../../Unreal Projects/RaceGame/Content/UI/Texture/T_UI_ButtonImage_01.uasset" 204
"../../../../../Unreal Projects/RaceGame/Content/UI/Texture/T_UI_ButtonImage_02.uasset" 205
"../../../../../Unreal Projects/RaceGame/Content/UI/Texture/T_UI_Button_Top01.uasset" 206
"../../../../../Unreal Projects/RaceGame/Content/UI/Texture/T_UI_Change_Icon.uasset" 207
"../../../../../Unreal Projects/RaceGame/Content/UI/Texture/T_UI_Checkbox_Checked.uasset" 208
"../../../../../Unreal Projects/RaceGame/Content/UI/Texture/T_UI_Checkbox_Unchecked.uasset" 209
"../../../../../Unreal Projects/RaceGame/Content/UI/Texture/T_UI_Circle01.uasset" 210
"../../../../../Unreal Projects/RaceGame/Content/UI/Texture/T_UI_Clear_Icon.uasset" 211
"../../../../../Unreal Projects/RaceGame/Content/UI/Texture/T_UI_Icon_Inventory01.uasset" 212
"../../../../../Unreal Projects/RaceGame/Content/UI/Texture/T_UI_Icon_Mouse_L.uasset" 213
"../../../../../Unreal Projects/RaceGame/Content/UI/Texture/T_UI_Icon_Mouse_R.uasset" 214
"../../../../../Unreal Projects/RaceGame/Content/UI/Texture/T_UI_Icon_PotMana01.uasset" 215
"../../../../../Unreal Projects/RaceGame/Content/UI/Texture/T_UI_Icon_Roll01.uasset" 216
"../../../../../Unreal Projects/RaceGame/Content/UI/Texture/T_UI_Icon_Settings01.uasset" 217
"../../../../../Unreal Projects/RaceGame/Content/UI/Texture/T_UI_Icon_Souls01.uasset" 218
"../../../../../Unreal Projects/RaceGame/Content/UI/Texture/T_UI_Icon_StatusArt01.uasset" 219
"../../../../../Unreal Projects/RaceGame/Content/UI/Texture/T_UI_Icon_Time01.uasset" 220
"../../../../../Unreal Projects/RaceGame/Content/UI/Texture/T_UI_Potion_Health.uasset" 221
"../../../../../Unreal Projects/RaceGame/Content/UI/Texture/T_UI_Skill_Combust01.uasset" 222
"../../../../../Unreal Projects/RaceGame/Content/UI/Texture/T_UI_Skill_Firewave.uasset" 223
"../../../../../Unreal Projects/RaceGame/Content/UI/Texture/T_UI_Skill_MeteorStorm.uasset" 224
"../../../../../Unreal Projects/RaceGame/Content/UI/Texture/T_UI_TargetIcon_01.uasset" 225
"../../../../../Unreal Projects/RaceGame/Content/UI/Texture/T_UI_Weapon_Axe.uasset" 226
"../../../../../Unreal Projects/RaceGame/Content/UI/Texture/T_UI_Weapon_Hammer.uasset" 227
"../../../../../Unreal Projects/RaceGame/Content/UI/Texture/T_UI_Weapon_Hammer_0.uasset" 228
"../../../../../Unreal Projects/RaceGame/Content/UI/Texture/T_UI_Weapon_Hatchet01.uasset" 229
"../../../../../Unreal Projects/RaceGame/Content/UI/Texture/T_UI_Weapon_Sword.uasset" 230
"../../../../../Unreal Projects/RaceGame/Content/UI/Texture/T_UI_Weapon_Sword_0.uasset" 231
"../../../Engine/Content/MobileResources/HUD/VirtualJoystick_Thumb.uasset" 232
"../../../../../Unreal Projects/RaceGame/Content/Vehicle/Textures/VehicleJoystick_BackgroundL.uasset" 233
"../../../../../Unreal Projects/RaceGame/Content/Vehicle/Textures/VehicleJoystick_BackgroundR.uasset" 234
"../../../../../Unreal Projects/RaceGame/Content/Vehicle/Sedan/SedanVirtualJoysticks.uasset" 235
"../../../../../Unreal Projects/RaceGame/Content/Vehicle/Sedan/Materials/M_Vehicle_Sedan_Inst_Paint.uasset" 236
"../../../../../Unreal Projects/RaceGame/Content/VehicleAdv/ArenaMesh/CubeMaterial.uasset" 237
"../../../../../Unreal Projects/RaceGame/Content/VehicleAdv/Materials/MasterSolidColor.uasset" 238
"../../../../../Unreal Projects/RaceGame/Content/VehicleAdv/Materials/MaterialInstances/SolidOrange.uasset" 239
"../../../../../Unreal Projects/RaceGame/Content/VehicleAdv/ArenaMesh/RampTwist.uasset" 240
"../../../Engine/Content/EngineMaterials/WorldGridMaterial.uasset" 241
"../../../../../Unreal Projects/RaceGame/Content/VehicleAdv/ArenaMesh/RoadSegment_01.uasset" 242
"../../../../../Unreal Projects/RaceGame/Content/VehicleAdv/Sound/Engine_att.uasset" 243
"../../../../../Unreal Projects/RaceGame/Content/VehicleAdv/Sound/Engine_Loop_Cue.uasset" 244
"../../../../../Unreal Projects/RaceGame/Content/VehicleAdv/Sound/Engine_Speed_01_Loop.uasset" 245
"../../../../../Unreal Projects/RaceGame/Content/VehicleAdv/Sound/Engine_Speed_02_Loop.uasset" 246
"../../../../../Unreal Projects/RaceGame/Content/VehicleAdv/Sound/Engine_Speed_03_Loop.uasset" 247
"../../../../../Unreal Projects/RaceGame/Content/VehicleAdv/Sound/Engine_Speed_04_Loop.uasset" 248
"../../../../../Unreal Projects/RaceGame/Content/VehicleAdv/Sound/Engine_Speed_05_Loop.uasset" 249
"../../../../../Unreal Projects/RaceGame/Content/VehicleAdv/Sound/Engine_Speed_06_Loop.uasset" 250
"../../../../../Unreal Projects/RaceGame/Content/VehicleAdv/Textures/VehicleJoystick_BackgroundL.uasset" 251
"../../../../../Unreal Projects/RaceGame/Content/VehicleAdv/Textures/VehicleJoystick_BackgroundR.uasset" 252
"../../../Engine/Content/MobileResources/HUD/VirtualJoystick_Background.uasset" 253
"../../../../../Unreal Projects/RaceGame/Content/VehicleAdv/Vehicle/LeftVirtualJoystickOnly.uasset" 254
"../../../../../Unreal Projects/RaceGame/Content/VehicleAdv/Vehicle/VehicleSkeleton.uasset" 255
"../../../../../Unreal Projects/RaceGame/Content/VehicleAdv/Vehicle/VehicleAnimationBlueprint.uasset" 256
"../../../../../Unreal Projects/RaceGame/Content/VehicleAdv/Vehicle/VehicleBodyCollision.uasset" 257
"../../../../../Unreal Projects/RaceGame/Content/VehicleAdv/Materials/Fixed_Template_Master.uasset" 258
"../../../../../Unreal Projects/RaceGame/Content/VehicleAdv/Materials/MaterialInstances/Template_BaseBlue.uasset" 259
"../../../../../Unreal Projects/RaceGame/Content/VehicleAdv/PhysicsMaterials/Slippery.uasset" 260
"../../../../../Unreal Projects/RaceGame/Content/VehicleAdv/Vehicle/VehiclePhysicsAsset.uasset" 261
"../../../../../Unreal Projects/RaceGame/Content/VehicleAdv/Vehicle/Vehicle_SkelMesh.uasset" 262
"../../../../../Unreal Projects/RaceGame/Content/VehicleAdv/PhysicsMaterials/NonSlippery.uasset" 263
"../../../../../Unreal Projects/RaceGame/Content/VehicleAdv/Vehicle/WheelData/Vehicle_BackTireConfig.uasset" 264
"../../../../../Unreal Projects/RaceGame/Content/VehicleAdv/Vehicle/WheelData/Vehicle_FrontTireConfig.uasset" 265
"../../../../../Unreal Projects/RaceGame/Content/Vehicle/Sedan/Sedan_AnimBP.uasset" 266
"../../../../../Unreal Projects/RaceGame/Content/VehicleBP/Sedan/Sedan_BackWheel.uasset" 267
"../../../../../Unreal Projects/RaceGame/Content/VehicleBP/Sedan/Sedan_FrontWheel.uasset" 268
"../../../Engine/Content/EngineFonts/RobotoDistanceField.uasset" 269
"../../../Engine/Content/Functions/Engine_MaterialFunctions03/Procedurals/ComputeFilterWidth.uasset" 270
"../../../Engine/Content/EngineMaterials/AntiAliasedTextMaterialTranslucent.uasset" 271
"../../../../../Unreal Projects/RaceGame/Content/Vehicle/Sedan/Sedan_PhysMat.uasset" 272
"../../../../../Unreal Projects/RaceGame/Content/VehicleBP/Sedan/Sedan.uasset" 273
"../../../../../Unreal Projects/RaceGame/Content/VehicleBP/Blueprints/VehicleHUD.uasset" 274
"../../../../../Unreal Projects/RaceGame/Content/VehicleBP/Blueprints/VehicleGameMode.uasset" 275
"../../../Engine/Content/Animation/DefaultAnimBoneCompressionSettings.uasset" 276
"../../../Engine/Content/Animation/DefaultAnimCurveCompressionSettings.uasset" 277
"../../../Engine/Content/ArtTools/RenderToTexture/Meshes/S_1_Unit_Plane.uasset" 278
"../../../Engine/Content/BasicShapes/Cone.uasset" 279
"../../../Engine/Content/BasicShapes/Cylinder.uasset" 280
"../../../Engine/Content/BasicShapes/Plane.uasset" 281
"../../../Engine/Content/EditorLandscapeResources/DataLayer.uasset" 282
"../../../Engine/Content/EditorMaterials/MAT_Groups_Toggle.uasset" 283
"../../../Engine/Content/EditorMaterials/MAT_Groups_Visibility.uasset" 284
"../../../Engine/Content/EditorMaterials/PreviewShadowIndicator.uasset" 285
"../../../Engine/Content/EditorMaterials/PreviewShadowIndicatorMaterial.uasset" 286
"../../../Engine/Content/EditorMaterials/MatineeGroups/MAT_ColorTrack.uasset" 287
"../../../Engine/Content/EditorMaterials/MatineeGroups/MAT_Groups_Anim.uasset" 288
"../../../Engine/Content/EditorMaterials/MatineeGroups/MAT_Groups_AudioMaster.uasset" 289
"../../../Engine/Content/EditorMaterials/MatineeGroups/MAT_Groups_Director.uasset" 290
"../../../Engine/Content/EditorMaterials/MatineeGroups/MAT_Groups_Event.uasset" 291
"../../../Engine/Content/EditorMaterials/MatineeGroups/MAT_Groups_Fade.uasset" 292
"../../../Engine/Content/EditorMaterials/MatineeGroups/MAT_Groups_Float.uasset" 293
"../../../Engine/Content/EditorMaterials/MatineeGroups/MAT_Groups_Move.uasset" 294
"../../../Engine/Content/EditorMaterials/MatineeGroups/MAT_Groups_Slomo.uasset" 295
"../../../Engine/Content/EditorMaterials/MatineeGroups/MAT_Groups_Sound.uasset" 296
"../../../Engine/Content/EditorMaterials/MatineeGroups/MAT_Groups_Vector.uasset" 297
"../../../Engine/Content/EditorMaterials/ParticleSystems/PSysThumbnail_NoImage.uasset" 298
"../../../Engine/Content/EditorMaterials/ParticleSystems/PSysThumbnail_OOD.uasset" 299
"../../../Engine/Content/EditorMaterials/Camera/CineMat.uasset" 300
"../../../Engine/Content/EditorMaterials/Camera/MI_CineMat_Rig.uasset" 301
"../../../Engine/Content/EditorMeshes/Camera/SM_CraneRig_Arm.uasset" 302
"../../../Engine/Content/EditorMeshes/Camera/SM_CraneRig_Base.uasset" 303
"../../../Engine/Content/EditorMeshes/Camera/SM_CraneRig_Body.uasset" 304
"../../../Engine/Content/EditorMeshes/Camera/SM_CraneRig_Mount.uasset" 305
"../../../Engine/Content/EditorMeshes/Camera/SM_RailRig_Mount.uasset" 306
"../../../Engine/Content/EditorMeshes/Camera/SM_RailRig_Track.uasset" 307
"../../../Engine/Content/EditorResources/BSPVertex.uasset" 308
"../../../Engine/Content/EditorResources/EmptyActor.uasset" 309
"../../../Engine/Content/EditorResources/S_Actor.uasset" 310
"../../../Engine/Content/EditorResources/S_Note.uasset" 311
"../../../Engine/Content/EditorResources/S_Solver.uasset" 312
"../../../Engine/Content/EditorResources/S_Trigger.uasset" 313
"../../../Engine/Content/EditorResources/AudioIcons/S_AudioComponent.uasset" 314
"../../../Engine/Content/EditorResources/AudioIcons/S_AudioComponent_AutoActivate.uasset" 315
"../../../Engine/Content/EditorResources/LightIcons/S_LightError.uasset" 316
"../../../Engine/Content/EditorResources/SequenceRecorder/Countdown.uasset" 317
"../../../Engine/Content/EditorResources/SequenceRecorder/RecordingIndicator.uasset" 318
"../../../Engine/Content/EditorSounds/Notifications/CompileFailed.uasset" 319
"../../../Engine/Content/EditorSounds/Notifications/CompileFailed_Cue.uasset" 320
"../../../Engine/Content/EditorSounds/Notifications/CompileSuccess.uasset" 321
"../../../Engine/Content/EditorSounds/Notifications/CompileStart_Cue.uasset" 322
"../../../Engine/Content/EditorSounds/Notifications/CompileSuccess_Cue.uasset" 323
"../../../Engine/Content/EngineDamageTypes/DmgTypeBP_Environmental.uasset" 324
"../../../Engine/Content/EngineDebugMaterials/DebugEditorMaterial.uasset" 325
"../../../Engine/Content/EngineDebugMaterials/DebugMeshMaterial.uasset" 326
"../../../Engine/Content/EngineDebugMaterials/M_SimpleUnlitTranslucent.uasset" 327
"../../../Engine/Content/Functions/Engine_MaterialFunctions02/Utility/CameraDirectionVector.uasset" 328
"../../../Engine/Content/EngineDebugMaterials/VolumeToRender.uasset" 329
"../../../Engine/Content/EngineDebugMaterials/M_VolumeRenderSphereTracePP.uasset" 330
"../../../Engine/Content/EngineDebugMaterials/WireframeMaterial.uasset" 331
"../../../Engine/Content/EngineFonts/Faces/DroidSansFallback.uasset" 332
"../../../Engine/Content/EngineFonts/Faces/RobotoBold.uasset" 333
"../../../Engine/Content/EngineFonts/Faces/RobotoBoldItalic.uasset" 334
"../../../Engine/Content/EngineFonts/Faces/RobotoItalic.uasset" 335
"../../../Engine/Content/EngineFonts/Faces/RobotoLight.uasset" 336
"../../../Engine/Content/EngineFonts/Faces/RobotoRegular.uasset" 337
"../../../Engine/Content/EngineFonts/Roboto.uasset" 338
"../../../Engine/Content/EngineMaterials/BaseFlattenDiffuseMap.uasset" 339
"../../../Engine/Content/EngineMaterials/BaseFlattenEmissiveMap.uasset" 340
"../../../Engine/Content/EngineMaterials/BaseFlattenGrayscaleMap.uasset" 341
"../../../Engine/Content/EngineMaterials/BaseFlattenNormalMap.uasset" 342
"../../../Engine/Content/EngineMaterials/BaseFlattenMaterial.uasset" 343
"../../../Engine/Content/EngineMaterials/BlueNoise.uasset" 344
"../../../Engine/Content/EngineMaterials/DefaultBloomKernel.uasset" 345
"../../../Engine/Content/EngineMaterials/DefaultBokeh.uasset" 346
"../../../Engine/Content/EngineMaterials/DefaultDeferredDecalMaterial.uasset" 347
"../../../Engine/Content/EngineMaterials/DefaultLightFunctionMaterial.uasset" 348
"../../../Engine/Content/EngineMaterials/DefaultPhysicalMaterial.uasset" 349
"../../../Engine/Content/EngineMaterials/DefaultPostProcessMaterial.uasset" 350
"../../../Engine/Content/EngineMaterials/DefaultTextMaterialOpaque.uasset" 351
"../../../Engine/Content/EngineMaterials/DefaultWhiteGrid.uasset" 352
"../../../Engine/Content/EngineMaterials/DefaultWhiteGrid_Low.uasset" 353
"../../../Engine/Content/EngineMaterials/EmissiveMeshMaterial.uasset" 354
"../../../Engine/Content/EngineMaterials/GizmoMaterial.uasset" 355
"../../../Engine/Content/EngineMaterials/Good64x64TilingNoiseHighFreq.uasset" 356
"../../../Engine/Content/EngineMaterials/MiniFont.uasset" 357
"../../../Engine/Content/EngineMaterials/InvalidLightmapSettings.uasset" 358
"../../../Engine/Content/EngineMaterials/M_InvalidLightmapSettings.uasset" 359
"../../../Engine/Content/Functions/Engine_MaterialFunctions02/WorldPositionOffset/CameraOffset.uasset" 360
"../../../Engine/Content/EngineMaterials/PhAT_JointLimitMaterial.uasset" 361
"../../../Engine/Content/EngineMaterials/PreintegratedSkinBRDF.uasset" 362
"../../../Engine/Content/EngineMaterials/RemoveSurfaceMaterial.uasset" 363
"../../../Engine/Content/EngineResources/WhiteSquareTexture.uasset" 364
"../../../Engine/Content/EngineMaterials/Widget3DPassThrough.uasset" 365
"../../../Engine/Content/EngineMaterials/Widget3DPassThrough_Masked.uasset" 366
"../../../Engine/Content/EngineMaterials/Widget3DPassThrough_Opaque.uasset" 367
"../../../Engine/Content/EngineMaterials/Widget3DPassThrough_Masked_OneSided.uasset" 368
"../../../Engine/Content/EngineMaterials/Widget3DPassThrough_Opaque_OneSided.uasset" 369
"../../../Engine/Content/EngineMaterials/Widget3DPassThrough_Translucent.uasset" 370
"../../../Engine/Content/EngineMaterials/Widget3DPassThrough_Translucent_OneSided.uasset" 371
"../../../Engine/Content/EngineMeshes/Cylinder.uasset" 372
"../../../Engine/Content/EngineMeshes/Sphere.uasset" 373
"../../../Engine/Content/EngineResources/Black.uasset" 374
"../../../Engine/Content/EngineResources/DefaultTexture.uasset" 375
"../../../Engine/Content/EngineResources/DefaultTextureCube.uasset" 376
"../../../Engine/Content/EngineResources/DefaultVolumeTexture2D.uasset" 377
"../../../Engine/Content/EngineResources/DefaultVolumeTexture.uasset" 378
"../../../Engine/Content/EngineResources/GradientTexture0.uasset" 379
"../../../Engine/Content/EngineSounds/Master.uasset" 380
"../../../Engine/Content/Maps/Templates/Thumbnails/Default.uasset" 381
"../../../Engine/Content/Maps/Templates/Thumbnails/TimeOfDay.uasset" 382
"../../../Engine/Content/Maps/Templates/Thumbnails/VR-Basic.uasset" 383
"../../../Engine/Content/MobileResources/T_MobileControls_texture.uasset" 384
"../../../Engine/Content/MobileResources/T_MobileMenu2.uasset" 385
"../../../Engine/Content/MobileResources/HUD/AnalogHat.uasset" 386
"../../../Engine/Content/MobileResources/HUD/DefaultVirtualJoysticks.uasset" 387
"../../../Engine/Content/MobileResources/HUD/LeftVirtualJoystickOnly.uasset" 388
"../../../Engine/Content/MobileResources/HUD/MobileHUDButton1_off.uasset" 389
"../../../Engine/Content/MobileResources/HUD/MobileHUDButton1_on.uasset" 390
"../../../Engine/Content/MobileResources/HUD/MobileHUDButton2_off.uasset" 391
"../../../Engine/Content/MobileResources/HUD/MobileHUDButton2_on.uasset" 392
"../../../Engine/Content/MobileResources/HUD/MobileHUDButton3.uasset" 393
"../../../Engine/Content/MobileResources/HUD/MobileHUDButtonFire.uasset" 394
"../../../Engine/Content/MobileResources/HUD/MobileHUDDirectionPad.uasset" 395
"../../../Engine/Content/MobileResources/HUD/MobileHUDDirectionPad2.uasset" 396
"../../../Engine/Content/MobileResources/HUD/MobileHUDDirectionPad3.uasset" 397
"../../../Engine/Content/MobileResources/HUD/MobileHUDDirectionStick.uasset" 398
"../../../Engine/Content/MobileResources/HUD/T_Castle_ThumbstickInner.uasset" 399
"../../../Engine/Content/MobileResources/HUD/T_Castle_ThumbstickOutter.uasset" 400
"../../../Engine/Content/Tutorial/ContentIntroCurve.uasset" 401
"../../../Engine/Content/Tutorial/Basics/LevelEditorAttract.uasset" 402
"../../../Engine/Content/Tutorial/BlueprintTutorials/TutorialAssets/Blueprint_64x.uasset" 403
"../../../Engine/Content/Tutorial/BlueprintTutorials/BlueprintEditorTutorial.uasset" 404
"../../../Engine/Content/Tutorial/Foliage/TutorialAssets/Foliage.uasset" 405
"../../../Engine/Content/Tutorial/Foliage/Foliage_Intro_Tutorial.uasset" 406
"../../../Engine/Content/Tutorial/Foliage/Foliage_Settings_Tutorial.uasset" 407
"../../../Engine/Content/Tutorial/Foliage/Foliage_Using_The_Tool_Tutorial.uasset" 408
"../../../Engine/Content/Tutorial/Landscape/TutorialAssets/Landscape.uasset" 409
"../../../Engine/Content/Tutorial/Landscape/LandscapeWalkThrough.uasset" 410
"../../../Engine/Content/Tutorial/Landscape/Landscape_Manage_Mode.uasset" 411
"../../../Engine/Content/Tutorial/Landscape/Landscape_Painting_Mode.uasset" 412
"../../../Engine/Content/Tutorial/Landscape/Landscape_Sculpt_Mode.uasset" 413
"../../../Engine/Content/Tutorial/SubEditors/GettingSubstance.uasset" 414
"../../../Engine/Content/VREditor/LaserPointer/VR_LaserPower_01.uasset" 415
"../../../Engine/Content/VREditor/TransformGizmo/TransformGizmoMaterial.uasset" 416
"../../../Engine/Content/VREditor/TransformGizmo/TranslucentTransformGizmoMaterial.uasset" 417
"../../../Engine/Content/VREditor/TransformGizmo/BoundingBoxCorner.uasset" 418
"../../../Engine/Content/VREditor/TransformGizmo/BoundingBoxEdge.uasset" 419
"../../../Engine/Content/VREditor/TransformGizmo/PlaneTranslationHandle.uasset" 420
"../../../Engine/Content/VREditor/TransformGizmo/Xray.uasset" 421
"../../../Engine/Content/VREditor/TransformGizmo/SM_Sequencer_Key.uasset" 422
"../../../Engine/Content/VREditor/TransformGizmo/SM_Sequencer_Node.uasset" 423
"../../Plugins/2D/Paper2D/Content/PlaceholderTextures/DummySpriteTexture.uasset" 424
"../../Plugins/2D/Paper2D/Content/DummySprite.uasset" 425
"../../Plugins/2D/Paper2D/Content/DefaultPaperTerrainMaterial.uasset" 426
"../../Plugins/2D/Paper2D/Content/DefaultSpriteMaterial.uasset" 427
"../../Plugins/2D/Paper2D/Content/MaskedUnlitSpriteMaterial.uasset" 428
"../../Plugins/2D/Paper2D/Content/OpaqueUnlitSpriteMaterial.uasset" 429
"../../Plugins/FX/Niagara/Content/Enums/ENiagaraBooleanLogicOps.uasset" 430
"../../Plugins/FX/Niagara/Content/Enums/ENiagaraCoordinateSpace.uasset" 431
"../../Plugins/FX/Niagara/Content/Enums/ENiagaraExpansionMode.uasset" 432
"../../Plugins/FX/Niagara/Content/Enums/ENiagaraOrientationAxis.uasset" 433
"../../Plugins/FX/Niagara/Content/Enums/ENiagaraRandomnessMode.uasset" 434
"../../../../../Unreal Projects/RaceGame/Content/Developers/fuwarrin/Collections/BP/BaseBP/Item/BP_ItemBox.uasset" 435
"../../../../../Unreal Projects/RaceGame/Content/Developers/fuwarrin/Collections/BP/BaseBP/Item/BP_ItemSpwner.uasset" 436
"../../../Engine/Content/EngineSky/C_Sky_Cloud_Color.uasset" 437
"../../../Engine/Content/EngineSky/C_Sky_Horizon_Color.uasset" 438
"../../../Engine/Content/EngineSky/C_Sky_Zenith_Color.uasset" 439
"../../../Engine/Content/EngineSky/T_Sky_Blue.uasset" 440
"../../../Engine/Content/EngineSky/T_Sky_Clouds_M.uasset" 441
"../../../Engine/Content/EngineSky/T_Sky_Stars.uasset" 442
"../../../Engine/Content/EngineSky/M_Sky_Panning_Clouds2.uasset" 443
"../../../Engine/Content/EngineSky/SM_SkySphere.uasset" 444
"../../../Engine/Content/EngineSky/BP_Sky_Sphere.uasset" 445
"../../../../../Unreal Projects/RaceGame/Content/Developers/fuwarrin/Collections/BP/Material/M_Flag.uasset" 446
"../../../Engine/Content/BasicShapes/Cube.uasset" 447
"../../../../../Unreal Projects/RaceGame/Content/Developers/fuwarrin/Collections/BP/BaseBP/BP_GoalPoint.uasset" 448
"../../../../../Unreal Projects/RaceGame/Content/Developers/fuwarrin/Collections/BP/BaseBP/BP_RaceGameState.uasset" 449
"../../../../../Unreal Projects/RaceGame/Content/Developers/fuwarrin/Collections/BP/BaseBP/MyGameMode.uasset" 450
"../../../../../Unreal Projects/RaceGame/Content/Developers/fuwarrin/Collections/map/BPMap_BuiltData.uasset" 451
"../../../Engine/Content/Functions/Engine_MaterialFunctions01/Shading/ConvertFromDiffSpec.uasset" 452
"../../../Engine/Content/Functions/Engine_MaterialFunctions01/Shading/PowerToRoughness.uasset" 453
"../../../Engine/Content/Engine_MI_Shaders/T_Emissive.uasset" 454
"../../../Engine/Content/Engine_MI_Shaders/T_Normal.uasset" 455
"../../../Engine/Content/Engine_MI_Shaders/T_Reflection.uasset" 456
"../../../Engine/Content/Engine_MI_Shaders/M_Shader_Complex.uasset" 457
"../../../Engine/Content/Engine_MI_Shaders/T_Base_Tile_DetailNormal.uasset" 458
"../../../Engine/Content/Engine_MI_Shaders/T_Base_Tile_Diffuse.uasset" 459
"../../../Engine/Content/Engine_MI_Shaders/T_Base_Tile_Normal.uasset" 460
"../../../Engine/Content/Engine_MI_Shaders/T_Base_Tile_Specular.uasset" 461
"../../../Engine/Content/Engine_MI_Shaders/T_Base_Tile_Variation.uasset" 462
"../../../Engine/Content/Engine_MI_Shaders/MI_Shader_BaseTileEx.uasset" 463
"../../../Engine/Content/MapTemplates/SM_Template_Map_Floor.uasset" 464
"../../../../../Unreal Projects/RaceGame/Content/VehicleAdv/Materials/MaterialInstances/BlackGrid.uasset" 465
"../../../../../Unreal Projects/RaceGame/Content/VehicleAdv/ArenaMesh/StraightFull.uasset" 466
"../../../../../Unreal Projects/RaceGame/Content/VehicleAdv/ArenaMesh/StraightHalf.uasset" 467
"../../../../../Unreal Projects/RaceGame/Content/VehicleAdv/ArenaMesh/StraightQuarter.uasset" 468
"../../../../../Unreal Projects/RaceGame/Content/VehicleAdv/Materials/MaterialInstances/SolidRed.uasset" 469
"../../../../../Unreal Projects/RaceGame/Content/VehicleAdv/ArenaMesh/turn_22andhalf.uasset" 470
"../../../../../Unreal Projects/RaceGame/Content/VehicleAdv/ArenaMesh/Turn_45.uasset" 471
"../../../../../Unreal Projects/RaceGame/Content/VehicleAdv/ArenaMesh/Turn_90.uasset" 472
"../../../../../Unreal Projects/RaceGame/Content/VehicleAdv/ArenaMesh/Turn_90Large.uasset" 473
"../../../../../Unreal Projects/RaceGame/Content/Developers/fuwarrin/Collections/map/BPMap.umap" 474
"../../../../../Unreal Projects/RaceGame/Content/Developers/fuwarrin/Collections/BP/BaseCpp/Item/BP_Cpp_ItemBox.uasset" 475
"../../../../../Unreal Projects/RaceGame/Content/Developers/fuwarrin/Collections/BP/BaseCpp/Item/BP_CPPItemSpawner.uasset" 476
"../../../../../Unreal Projects/RaceGame/Content/Developers/fuwarrin/Collections/BP/BaseCpp/CPPBase_RacceGameMode.uasset" 477
"../../../../../Unreal Projects/RaceGame/Content/Developers/fuwarrin/Collections/map/CppMap_BuiltData.uasset" 478
"../../../../../Unreal Projects/RaceGame/Content/Developers/fuwarrin/Collections/Materials/BlueGrid.uasset" 479
"../../../../../Unreal Projects/RaceGame/Content/Developers/fuwarrin/Collections/map/CppMap.umap" 480
"../../../../../Unreal Projects/RaceGame/Content/Developers/fuwarrin/Collections/BP/UWG/UMG_MainMenu.uasset" 481
"../../../../../Unreal Projects/RaceGame/Content/Developers/fuwarrin/Collections/map/MainMenu.umap" 482
"../../../../../Unreal Projects/RaceGame/Content/Developers/fuwarrin/Collections/MultiSample/Maps/TestMap.umap" 483
"../../../../../Unreal Projects/RaceGame/Content/StarterContent/Blueprints/Assets/FogBrightnessLUT.uasset" 484
"../../../../../Unreal Projects/RaceGame/Content/StarterContent/Blueprints/Assets/SunlightColorLUT.uasset" 485
"../../../../../Unreal Projects/RaceGame/Content/StarterContent/Blueprints/Assets/M_LightStage_Arrows.uasset" 486
"../../../Engine/Content/MapTemplates/Sky/DaylightAmbientCubemap.uasset" 487
"../../../../../Unreal Projects/RaceGame/Content/StarterContent/Blueprints/Assets/M_LightStage_Skybox_Master.uasset" 488
"../../../../../Unreal Projects/RaceGame/Content/StarterContent/Blueprints/Assets/M_LightStage_Skybox_Black.uasset" 489
"../../../../../Unreal Projects/RaceGame/Content/StarterContent/Blueprints/Assets/M_LightStage_Skybox_HDRI.uasset" 490
"../../../Engine/Content/EditorMaterials/Thumbnails/SkySphereMaterial.uasset" 491
"../../../../../Unreal Projects/RaceGame/Content/StarterContent/Blueprints/Assets/Skybox.uasset" 492
"../../../../../Unreal Projects/RaceGame/Content/StarterContent/Blueprints/Assets/SM_Arrows.uasset" 493
"../../../../../Unreal Projects/RaceGame/Content/StarterContent/HDRI/HDRI_Epic_Courtyard_Daylight.uasset" 494
"../../../../../Unreal Projects/RaceGame/Content/StarterContent/Blueprints/BP_LightStudio.uasset" 495
"../../../../../Unreal Projects/RaceGame/Content/StarterContent/Maps/Advanced_Lighting_BuiltData.uasset" 496
"../../../../../Unreal Projects/RaceGame/Content/StarterContent/Materials/M_AssetPlatform.uasset" 497
"../../../Engine/Content/EditorMeshes/ColorCalibrator/M_ChromeBall.uasset" 498
"../../../Engine/Content/EditorMeshes/ColorCalibrator/M_ClearCoat.uasset" 499
"../../../Engine/Content/EditorMeshes/ColorCalibrator/M_ClearCoatBlack.uasset" 500
"../../../Engine/Content/EditorMeshes/ColorCalibrator/Color_checker.uasset" 501
"../../../Engine/Content/EditorMeshes/ColorCalibrator/M_ColorGrid.uasset" 502
"../../../Engine/Content/EditorMeshes/ColorCalibrator/M_GreyBall.uasset" 503
"../../../Engine/Content/EditorMeshes/ColorCalibrator/SM_ColorCalibrator.uasset" 504
"../../../../../Unreal Projects/RaceGame/Content/StarterContent/Architecture/SM_AssetPlatform.uasset" 505
"../../../../../Unreal Projects/RaceGame/Content/StarterContent/Maps/Advanced_Lighting.umap" 506
"../../../../../Unreal Projects/RaceGame/Content/StarterContent/Maps/Minimal_Default_BuiltData.uasset" 507
"../../../../../Unreal Projects/RaceGame/Content/StarterContent/Textures/T_MacroVariation.uasset" 508
"../../../../../Unreal Projects/RaceGame/Content/StarterContent/Materials/M_Metal_Brushed_Nickel.uasset" 509
"../../../../../Unreal Projects/RaceGame/Content/StarterContent/Textures/T_Metal_Aluminum_D.uasset" 510
"../../../../../Unreal Projects/RaceGame/Content/StarterContent/Textures/T_Metal_Gold_N.uasset" 511
"../../../../../Unreal Projects/RaceGame/Content/StarterContent/Materials/M_Metal_Burnished_Steel.uasset" 512
"../../../../../Unreal Projects/RaceGame/Content/StarterContent/Textures/T_Metal_Copper_D.uasset" 513
"../../../../../Unreal Projects/RaceGame/Content/StarterContent/Materials/M_Metal_Copper.uasset" 514
"../../../../../Unreal Projects/RaceGame/Content/StarterContent/Textures/T_Statue_M.uasset" 515
"../../../../../Unreal Projects/RaceGame/Content/StarterContent/Textures/T_Statue_N.uasset" 516
"../../../../../Unreal Projects/RaceGame/Content/StarterContent/Props/Materials/M_StatueGlass.uasset" 517
"../../../../../Unreal Projects/RaceGame/Content/StarterContent/Architecture/Floor_400x400.uasset" 518
"../../../../../Unreal Projects/RaceGame/Content/StarterContent/Audio/Starter_Background_Cue.uasset" 519
"../../../../../Unreal Projects/RaceGame/Content/StarterContent/Props/SM_Chair.uasset" 520
"../../../../../Unreal Projects/RaceGame/Content/StarterContent/Props/Materials/M_Statue.uasset" 521
"../../../../../Unreal Projects/RaceGame/Content/StarterContent/Props/SM_Statue.uasset" 522
"../../../../../Unreal Projects/RaceGame/Content/StarterContent/Textures/T_TableRound_M.uasset" 523
"../../../../../Unreal Projects/RaceGame/Content/StarterContent/Textures/T_TableRound_N.uasset" 524
"../../../../../Unreal Projects/RaceGame/Content/StarterContent/Props/Materials/M_TableRound.uasset" 525
"../../../../../Unreal Projects/RaceGame/Content/StarterContent/Props/SM_TableRound.uasset" 526
"../../../../../Unreal Projects/RaceGame/Content/StarterContent/Maps/Minimal_Default.umap" 527
"../../../../../Unreal Projects/RaceGame/Content/StarterContent/Audio/Fire01_Cue.uasset" 528
"../../../../../Unreal Projects/RaceGame/Content/StarterContent/Textures/T_Fire_SubUV.uasset" 529
"../../../../../Unreal Projects/RaceGame/Content/StarterContent/Textures/T_Fire_Tiled_D.uasset" 530
"../../../../../Unreal Projects/RaceGame/Content/StarterContent/Particles/Materials/M_Fire_SubUV.uasset" 531
"../../../../../Unreal Projects/RaceGame/Content/StarterContent/Textures/T_Water_N.uasset" 532
"../../../../../Unreal Projects/RaceGame/Content/StarterContent/Particles/Materials/M_Heat_Distortion.uasset" 533
"../../../../../Unreal Projects/RaceGame/Content/StarterContent/Particles/Materials/M_Radial_Gradient.uasset" 534
"../../../../../Unreal Projects/RaceGame/Content/StarterContent/Particles/P_Fire.uasset" 535
"../../../../../Unreal Projects/RaceGame/Content/StarterContent/Blueprints/Blueprint_Effect_Fire.uasset" 536
"../../../../../Unreal Projects/RaceGame/Content/StarterContent/Audio/Smoke01_Cue.uasset" 537
"../../../../../Unreal Projects/RaceGame/Content/StarterContent/Particles/P_Smoke.uasset" 538
"../../../../../Unreal Projects/RaceGame/Content/StarterContent/Blueprints/Blueprint_Effect_Smoke.uasset" 539
"../../../../../Unreal Projects/RaceGame/Content/StarterContent/Audio/Fire_Sparks01_Cue.uasset" 540
"../../../../../Unreal Projects/RaceGame/Content/StarterContent/Textures/T_Spark_Core.uasset" 541
"../../../../../Unreal Projects/RaceGame/Content/StarterContent/Particles/Materials/M_Spark.uasset" 542
"../../../../../Unreal Projects/RaceGame/Content/StarterContent/Particles/P_Sparks.uasset" 543
"../../../../../Unreal Projects/RaceGame/Content/StarterContent/Blueprints/Blueprint_Effect_Sparks.uasset" 544
"../../../../../Unreal Projects/RaceGame/Content/StarterContent/Audio/Steam01_Cue.uasset" 545
"../../../../../Unreal Projects/RaceGame/Content/StarterContent/Particles/P_Steam_Lit.uasset" 546
"../../../../../Unreal Projects/RaceGame/Content/StarterContent/Blueprints/Blueprint_Effect_Steam.uasset" 547
"../../../../../Unreal Projects/RaceGame/Content/StarterContent/Textures/T_Lamp_M.uasset" 548
"../../../../../Unreal Projects/RaceGame/Content/StarterContent/Textures/T_Lamp_N.uasset" 549
"../../../../../Unreal Projects/RaceGame/Content/StarterContent/Props/Materials/M_Lamp.uasset" 550
"../../../../../Unreal Projects/RaceGame/Content/StarterContent/Props/SM_Lamp_Ceiling.uasset" 551
"../../../../../Unreal Projects/RaceGame/Content/StarterContent/Blueprints/Blueprint_CeilingLight.uasset" 552
"../../../../../Unreal Projects/RaceGame/Content/StarterContent/Props/SM_Lamp_Wall.uasset" 553
"../../../../../Unreal Projects/RaceGame/Content/StarterContent/Blueprints/Blueprint_WallSconce.uasset" 554
"../../../../../Unreal Projects/RaceGame/Content/StarterContent/Maps/StarterMap_BuiltData.uasset" 555
"../../../../../Unreal Projects/RaceGame/Content/StarterContent/Textures/T_Brick_Clay_Beveled_D.uasset" 556
"../../../../../Unreal Projects/RaceGame/Content/StarterContent/Textures/T_Brick_Clay_Beveled_M.uasset" 557
"../../../../../Unreal Projects/RaceGame/Content/StarterContent/Textures/T_Brick_Clay_Beveled_N.uasset" 558
"../../../../../Unreal Projects/RaceGame/Content/StarterContent/Materials/M_Brick_Clay_Beveled.uasset" 559
"../../../../../Unreal Projects/RaceGame/Content/StarterContent/Textures/T_Brick_Clay_New_D.uasset" 560
"../../../../../Unreal Projects/RaceGame/Content/StarterContent/Textures/T_Brick_Clay_New_M.uasset" 561
"../../../../../Unreal Projects/RaceGame/Content/StarterContent/Textures/T_Brick_Clay_New_N.uasset" 562
"../../../../../Unreal Projects/RaceGame/Content/StarterContent/Materials/M_Brick_Clay_New.uasset" 563
"../../../../../Unreal Projects/RaceGame/Content/StarterContent/Textures/T_Brick_Clay_Old_D.uasset" 564
"../../../../../Unreal Projects/RaceGame/Content/StarterContent/Textures/T_Brick_Clay_Old_N.uasset" 565
"../../../../../Unreal Projects/RaceGame/Content/StarterContent/Textures/T_Perlin_Noise_M.uasset" 566
"../../../../../Unreal Projects/RaceGame/Content/StarterContent/Materials/M_Brick_Clay_Old.uasset" 567
"../../../../../Unreal Projects/RaceGame/Content/StarterContent/Textures/T_Brick_Cut_Stone_D.uasset" 568
"../../../../../Unreal Projects/RaceGame/Content/StarterContent/Textures/T_Brick_Cut_Stone_N.uasset" 569
"../../../../../Unreal Projects/RaceGame/Content/StarterContent/Materials/M_Brick_Cut_Stone.uasset" 570
"../../../../../Unreal Projects/RaceGame/Content/StarterContent/Textures/T_Brick_Hewn_Stone_D.uasset" 571
"../../../../../Unreal Projects/RaceGame/Content/StarterContent/Textures/T_Brick_Hewn_Stone_M.uasset" 572
"../../../../../Unreal Projects/RaceGame/Content/StarterContent/Textures/T_Brick_Hewn_Stone_N.uasset" 573
"../../../../../Unreal Projects/RaceGame/Content/StarterContent/Materials/M_Brick_Hewn_Stone.uasset" 574
"../../../../../Unreal Projects/RaceGame/Content/StarterContent/Textures/T_Ceramic_Tile_M.uasset" 575
"../../../../../Unreal Projects/RaceGame/Content/StarterContent/Textures/T_Ceramic_Tile_N.uasset" 576
"../../../../../Unreal Projects/RaceGame/Content/StarterContent/Textures/T_Rock_Marble_Polished_D.uasset" 577
"../../../../../Unreal Projects/RaceGame/Content/StarterContent/Materials/M_Ceramic_Tile_Checker.uasset" 578
"../../../../../Unreal Projects/RaceGame/Content/StarterContent/Textures/T_CobbleStone_Pebble_D.uasset" 579
"../../../../../Unreal Projects/RaceGame/Content/StarterContent/Textures/T_CobbleStone_Pebble_M.uasset" 580
"../../../../../Unreal Projects/RaceGame/Content/StarterContent/Textures/T_CobbleStone_Pebble_N.uasset" 581
"../../../../../Unreal Projects/RaceGame/Content/StarterContent/Materials/M_CobbleStone_Pebble.uasset" 582
"../../../../../Unreal Projects/RaceGame/Content/StarterContent/Textures/T_CobbleStone_Rough_D.uasset" 583
"../../../../../Unreal Projects/RaceGame/Content/StarterContent/Textures/T_CobbleStone_Rough_N.uasset" 584
"../../../../../Unreal Projects/RaceGame/Content/StarterContent/Textures/T_Gradinet_01.uasset" 585
"../../../../../Unreal Projects/RaceGame/Content/StarterContent/Textures/T_Rock_Smooth_Granite_D.uasset" 586
"../../../../../Unreal Projects/RaceGame/Content/StarterContent/Materials/M_CobbleStone_Rough.uasset" 587
"../../../../../Unreal Projects/RaceGame/Content/StarterContent/Textures/T_CobbleStone_Smooth_D.uasset" 588
"../../../../../Unreal Projects/RaceGame/Content/StarterContent/Textures/T_CobbleStone_Smooth_M.uasset" 589
"../../../../../Unreal Projects/RaceGame/Content/StarterContent/Textures/T_CobbleStone_Smooth_N.uasset" 590
"../../../../../Unreal Projects/RaceGame/Content/StarterContent/Materials/M_CobbleStone_Smooth.uasset" 591
"../../../../../Unreal Projects/RaceGame/Content/StarterContent/Textures/T_Concrete_Grime_D.uasset" 592
"../../../../../Unreal Projects/RaceGame/Content/StarterContent/Textures/T_Metal_Rust_N.uasset" 593
"../../../../../Unreal Projects/RaceGame/Content/StarterContent/Materials/M_Concrete_Grime.uasset" 594
"../../../../../Unreal Projects/RaceGame/Content/StarterContent/Textures/T_Concrete_Panels_D.uasset" 595
"../../../../../Unreal Projects/RaceGame/Content/StarterContent/Textures/T_Concrete_Panels_N.uasset" 596
"../../../../../Unreal Projects/RaceGame/Content/StarterContent/Materials/M_Concrete_Panels.uasset" 597
"../../../../../Unreal Projects/RaceGame/Content/StarterContent/Textures/T_Concrete_Poured_D.uasset" 598
"../../../../../Unreal Projects/RaceGame/Content/StarterContent/Textures/T_Concrete_Poured_N.uasset" 599
"../../../../../Unreal Projects/RaceGame/Content/StarterContent/Materials/M_Concrete_Poured.uasset" 600
"../../../../../Unreal Projects/RaceGame/Content/StarterContent/Textures/T_Concrete_Tiles_D.uasset" 601
"../../../../../Unreal Projects/RaceGame/Content/StarterContent/Textures/T_Concrete_Tiles_M.uasset" 602
"../../../../../Unreal Projects/RaceGame/Content/StarterContent/Textures/T_Concrete_Tiles_N.uasset" 603
"../../../../../Unreal Projects/RaceGame/Content/StarterContent/Textures/T_Concrete_Tiles_Variation_M.uasset" 604
"../../../../../Unreal Projects/RaceGame/Content/StarterContent/Materials/M_Concrete_Tiles.uasset" 605
"../../../../../Unreal Projects/RaceGame/Content/StarterContent/Textures/T_Ground_Grass_D.uasset" 606
"../../../../../Unreal Projects/RaceGame/Content/StarterContent/Textures/T_Ground_Grass_N.uasset" 607
"../../../../../Unreal Projects/RaceGame/Content/StarterContent/Materials/M_Ground_Grass.uasset" 608
"../../../../../Unreal Projects/RaceGame/Content/StarterContent/Textures/T_Ground_Gravel_D.uasset" 609
"../../../../../Unreal Projects/RaceGame/Content/StarterContent/Textures/T_Ground_Gravel_N.uasset" 610
"../../../../../Unreal Projects/RaceGame/Content/StarterContent/Materials/M_Ground_Gravel.uasset" 611
"../../../../../Unreal Projects/RaceGame/Content/StarterContent/Textures/T_ground_Moss_D.uasset" 612
"../../../../../Unreal Projects/RaceGame/Content/StarterContent/Textures/T_Ground_Moss_N.uasset" 613
"../../../../../Unreal Projects/RaceGame/Content/StarterContent/Materials/M_Ground_Moss.uasset" 614
"../../../../../Unreal Projects/RaceGame/Content/StarterContent/Materials/M_Metal_Chrome.uasset" 615
"../../../../../Unreal Projects/RaceGame/Content/StarterContent/Textures/T_Metal_Gold_D.uasset" 616
"../../../../../Unreal Projects/RaceGame/Content/StarterContent/Materials/M_Metal_Gold.uasset" 617
"../../../../../Unreal Projects/RaceGame/Content/StarterContent/Textures/T_Metal_Rust_D.uasset" 618
"../../../../../Unreal Projects/RaceGame/Content/StarterContent/Materials/M_Metal_Rust.uasset" 619
"../../../../../Unreal Projects/RaceGame/Content/StarterContent/Textures/T_Metal_Steel_D.uasset" 620
"../../../../../Unreal Projects/RaceGame/Content/StarterContent/Textures/T_Metal_Steel_N.uasset" 621
"../../../../../Unreal Projects/RaceGame/Content/StarterContent/Materials/M_Metal_Steel.uasset" 622
"../../../../../Unreal Projects/RaceGame/Content/StarterContent/Textures/T_Rock_Basalt_N.uasset" 623
"../../../../../Unreal Projects/RaceGame/Content/StarterContent/Materials/M_Rock_Basalt.uasset" 624
"../../../../../Unreal Projects/RaceGame/Content/StarterContent/Materials/M_Rock_Marble_Polished.uasset" 625
"../../../../../Unreal Projects/RaceGame/Content/StarterContent/Textures/T_Rock_Sandstone_D.uasset" 626
"../../../../../Unreal Projects/RaceGame/Content/StarterContent/Textures/T_Rock_Sandstone_N.uasset" 627
"../../../../../Unreal Projects/RaceGame/Content/StarterContent/Materials/M_Rock_Sandstone.uasset" 628
"../../../../../Unreal Projects/RaceGame/Content/StarterContent/Textures/T_Rock_Slate_D.uasset" 629
"../../../../../Unreal Projects/RaceGame/Content/StarterContent/Textures/T_Rock_Slate_N.uasset" 630
"../../../../../Unreal Projects/RaceGame/Content/StarterContent/Materials/M_Rock_Slate.uasset" 631
"../../../../../Unreal Projects/RaceGame/Content/StarterContent/Textures/T_Checker_Noise_M.uasset" 632
"../../../../../Unreal Projects/RaceGame/Content/StarterContent/Textures/T_Single_Tile_N.uasset" 633
"../../../../../Unreal Projects/RaceGame/Content/StarterContent/Textures/T_Tech_Dot_M.uasset" 634
"../../../../../Unreal Projects/RaceGame/Content/StarterContent/Textures/T_Tech_Dot_N.uasset" 635
"../../../../../Unreal Projects/RaceGame/Content/StarterContent/Materials/M_Tech_Checker_Dot.uasset" 636
"../../../../../Unreal Projects/RaceGame/Content/StarterContent/Textures/T_Tech_Hex_Tile_M.uasset" 637
"../../../../../Unreal Projects/RaceGame/Content/StarterContent/Textures/T_Tech_Hex_Tile_N.uasset" 638
"../../../../../Unreal Projects/RaceGame/Content/StarterContent/Materials/M_Tech_Hex_Tile.uasset" 639
"../../../../../Unreal Projects/RaceGame/Content/StarterContent/Materials/M_Tech_Hex_Tile_Pulse.uasset" 640
"../../../../../Unreal Projects/RaceGame/Content/StarterContent/Textures/T_Tech_Panel_M.uasset" 641
"../../../../../Unreal Projects/RaceGame/Content/StarterContent/Textures/T_Tech_Panel_N.uasset" 642
"../../../../../Unreal Projects/RaceGame/Content/StarterContent/Materials/M_Tech_Panel.uasset" 643
"../../../../../Unreal Projects/RaceGame/Content/StarterContent/Materials/M_Water_Lake.uasset" 644
"../../../../../Unreal Projects/RaceGame/Content/StarterContent/Textures/T_Water_M.uasset" 645
"../../../../../Unreal Projects/RaceGame/Content/StarterContent/Materials/M_Water_Ocean.uasset" 646
"../../../../../Unreal Projects/RaceGame/Content/StarterContent/Textures/T_Wood_Floor_Walnut_D.uasset" 647
"../../../../../Unreal Projects/RaceGame/Content/StarterContent/Textures/T_Wood_Floor_Walnut_M.uasset" 648
"../../../../../Unreal Projects/RaceGame/Content/StarterContent/Textures/T_Wood_Floor_Walnut_N.uasset" 649
"../../../../../Unreal Projects/RaceGame/Content/StarterContent/Materials/M_Wood_Floor_Walnut_Polished.uasset" 650
"../../../Engine/Content/Functions/Engine_MaterialFunctions01/Opacity/AlphaOffset.uasset" 651
"../../../../../Unreal Projects/RaceGame/Content/StarterContent/Materials/M_Wood_Floor_Walnut_Worn.uasset" 652
"../../../../../Unreal Projects/RaceGame/Content/StarterContent/Textures/T_Wood_Oak_D.uasset" 653
"../../../../../Unreal Projects/RaceGame/Content/StarterContent/Textures/T_Wood_Oak_N.uasset" 654
"../../../../../Unreal Projects/RaceGame/Content/StarterContent/Materials/M_Wood_Oak.uasset" 655
"../../../../../Unreal Projects/RaceGame/Content/StarterContent/Textures/T_Wood_Pine_D.uasset" 656
"../../../../../Unreal Projects/RaceGame/Content/StarterContent/Textures/T_Wood_Pine_N.uasset" 657
"../../../../../Unreal Projects/RaceGame/Content/StarterContent/Materials/M_Wood_Pine.uasset" 658
"../../../../../Unreal Projects/RaceGame/Content/StarterContent/Textures/T_Wood_Walnut_D.uasset" 659
"../../../../../Unreal Projects/RaceGame/Content/StarterContent/Textures/T_Wood_Walnut_N.uasset" 660
"../../../../../Unreal Projects/RaceGame/Content/StarterContent/Materials/M_Wood_Walnut.uasset" 661
"../../../../../Unreal Projects/RaceGame/Content/StarterContent/Architecture/Wall_400x200.uasset" 662
"../../../../../Unreal Projects/RaceGame/Content/StarterContent/Architecture/Wall_Door_400x300.uasset" 663
"../../../../../Unreal Projects/RaceGame/Content/StarterContent/Architecture/Wall_Window_400x300.uasset" 664
"../../../../../Unreal Projects/RaceGame/Content/StarterContent/Audio/Collapse_Cue.uasset" 665
"../../../../../Unreal Projects/RaceGame/Content/StarterContent/Audio/Starter_Music_Cue.uasset" 666
"../../../../../Unreal Projects/RaceGame/Content/StarterContent/Textures/T_Dust_Particle_D.uasset" 667
"../../../../../Unreal Projects/RaceGame/Content/StarterContent/Particles/Materials/M_Dust_Particle.uasset" 668
"../../../../../Unreal Projects/RaceGame/Content/StarterContent/Particles/P_Ambient_Dust.uasset" 669
"../../../../../Unreal Projects/RaceGame/Content/StarterContent/Props/MaterialSphere.uasset" 670
"../../../../../Unreal Projects/RaceGame/Content/StarterContent/Textures/T_Frame_M.uasset" 671
"../../../../../Unreal Projects/RaceGame/Content/StarterContent/Textures/T_Frame_N.uasset" 672
"../../../../../Unreal Projects/RaceGame/Content/StarterContent/Props/Materials/M_Frame.uasset" 673
"../../../../../Unreal Projects/RaceGame/Content/StarterContent/Props/SM_CornerFrame.uasset" 674
"../../../../../Unreal Projects/RaceGame/Content/StarterContent/Props/SM_DoorFrame.uasset" 675
"../../../../../Unreal Projects/RaceGame/Content/StarterContent/Props/SM_GlassWindow.uasset" 676
"../../../../../Unreal Projects/RaceGame/Content/StarterContent/Props/SM_PillarFrame.uasset" 677
"../../../../../Unreal Projects/RaceGame/Content/StarterContent/Props/SM_PillarFrame300.uasset" 678
"../../../../../Unreal Projects/RaceGame/Content/StarterContent/Props/SM_WindowFrame.uasset" 679
"../../../../../Unreal Projects/RaceGame/Content/StarterContent/Shapes/Shape_Cube.uasset" 680
"../../../../../Unreal Projects/RaceGame/Content/StarterContent/Shapes/Shape_QuadPyramid.uasset" 681
"../../../../../Unreal Projects/RaceGame/Content/StarterContent/Shapes/Shape_Sphere.uasset" 682
"../../../../../Unreal Projects/RaceGame/Content/StarterContent/Maps/StarterMap.umap" 683
"../../../../../Unreal Projects/RaceGame/Content/ThirdPersonBP/Maps/ThirdPersonExampleMap_BuiltData.uasset" 684
"../../../../../Unreal Projects/RaceGame/Content/Geometry/Meshes/CubeMaterial.uasset" 685
"../../../../../Unreal Projects/RaceGame/Content/Geometry/Meshes/1M_Cube.uasset" 686
"../../../../../Unreal Projects/RaceGame/Content/Geometry/Meshes/1M_Cube_Chamfer.uasset" 687
"../../../../../Unreal Projects/RaceGame/Content/Geometry/Meshes/TemplateFloor.uasset" 688
"../../../../../Unreal Projects/RaceGame/Content/ThirdPerson/Meshes/RampMaterial.uasset" 689
"../../../../../Unreal Projects/RaceGame/Content/ThirdPerson/Meshes/Bump_StaticMesh.uasset" 690
"../../../../../Unreal Projects/RaceGame/Content/ThirdPerson/Meshes/LeftArm_StaticMesh.uasset" 691
"../../../../../Unreal Projects/RaceGame/Content/ThirdPerson/Meshes/Linear_Stair_StaticMesh.uasset" 692
"../../../../../Unreal Projects/RaceGame/Content/ThirdPerson/Meshes/Ramp_StaticMesh.uasset" 693
"../../../../../Unreal Projects/RaceGame/Content/ThirdPerson/Meshes/RightArm_StaticMesh.uasset" 694
"../../../../../Unreal Projects/RaceGame/Content/ThirdPersonBP/Maps/ThirdPersonExampleMap.umap" 695
"../../../../../Unreal Projects/RaceGame/Content/Developers/fuwarrin/Collections/BP/Test/TestGameMod.uasset" 696
"../../../../../Unreal Projects/RaceGame/Content/Developers/fuwarrin/Collections/BP/NewBlueprint.uasset" 697
"../../../../../Unreal Projects/RaceGame/Content/VehicleAdvCPP/Maps/LayerInfo/Desert_LayerInfo.uasset" 698
"../../../../../Unreal Projects/RaceGame/Content/VehicleAdvCPP/Maps/LayerInfo/Track_LayerInfo.uasset" 699
"../../../../../Unreal Projects/RaceGame/Content/VehicleAdvCPP/Maps/VehicleAdvExampleMap_BuiltData.uasset" 700
"../../../../../Unreal Projects/RaceGame/Content/VehicleAdv/Materials/Landscape.uasset" 701
"../../../../../Unreal Projects/RaceGame/Content/VehicleAdv/Materials/MaterialInstances/LandscapeNoHole.uasset" 702
"../../../Engine/Content/EngineMaterials/WeightMapPlaceholderTexture.uasset" 703
"../../../../../Unreal Projects/RaceGame/Content/VehicleAdv/ArenaMesh/BumpWave.uasset" 704
"../../../../../Unreal Projects/RaceGame/Content/VehicleAdv/ArenaMesh/BumpWaveSmall.uasset" 705
"../../../../../Unreal Projects/RaceGame/Content/VehicleAdv/ArenaMesh/BumpWedge.uasset" 706
"../../../../../Unreal Projects/RaceGame/Content/VehicleAdv/ArenaMesh/LoopBig.uasset" 707
"../../../../../Unreal Projects/RaceGame/Content/VehicleAdv/ArenaMesh/LoopSmall.uasset" 708
"../../../../../Unreal Projects/RaceGame/Content/VehicleAdv/ArenaMesh/RampLarge.uasset" 709
"../../../../../Unreal Projects/RaceGame/Content/VehicleAdvCPP/Maps/VehicleAdvExampleMap.umap" 710
"../../../../../Unreal Projects/RaceGame/Content/Developers/fuwarrin/Collections/BP/UWG/UWG_GameMyPawn.uasset" 711
"../../../../../Unreal Projects/RaceGame/Content/Developers/fuwarrin/Collections/BP/BaseCpp/BP_MyPawn.uasset" 712
"../../../../../Unreal Projects/RaceGame/Content/Developers/fuwarrin/Collections/BP/BaseCpp/MyHud.uasset" 713
"../../../../../Unreal Projects/RaceGame/Content/Developers/fuwarrin/Collections/BP/BaseCpp/MyPawnTest.uasset" 714
"../../../../../Unreal Projects/RaceGame/Content/VehicleBP/Maps/VehicleExampleMap_BuiltData.uasset" 715
"../../../../../Unreal Projects/RaceGame/Content/Vehicle/Meshes/BaseMaterial.uasset" 716
"../../../../../Unreal Projects/RaceGame/Content/Vehicle/Meshes/GrayMaterial.uasset" 717
"../../../../../Unreal Projects/RaceGame/Content/Vehicle/Meshes/OrangeMaterial.uasset" 718
"../../../../../Unreal Projects/RaceGame/Content/Vehicle/Meshes/WhiteMaterial.uasset" 719
"../../../../../Unreal Projects/RaceGame/Content/Vehicle/Meshes/RoughTerrain_StaticMesh.uasset" 720
"../../../../../Unreal Projects/RaceGame/Content/VehicleBP/Maps/VehicleExampleMap.umap" 721
